Terminals unused in grammar

    SEMICOLON
    READINT
    READREAL
    READSTRING
    VECTOR
    TUPLE
    INVALID_CHARACTER


State 8 conflicts: 1 shift/reduce
State 9 conflicts: 1 shift/reduce


Grammar

    0 $accept: Program $end

    1 Program: Program Statement
    2        | ε

    3 Statement: Declaration
    4          | Assignment
    5          | If
    6          | Loop
    7          | Return
    8          | Print
    9          | FunctionCall

   10 Declaration: VAR VariableDefinition

   11 FunctionDeclaration: FUNC LPAREN OptIdentifierList RPAREN FunBody

   12 VariableDefinition: IDENT
   13                   | IDENT ASSIGN Expression
   14                   | IDENT ASSIGN FunctionDeclaration

   15 Assignment: Reference ASSIGN Expression

   16 If: IF Expression THEN Body END
   17   | IF Expression THEN Body ELSE Body END

   18 Loop: WHILE Expression LOOP Body END
   19     | FOR IDENT IN Expression RANGE Expression LOOP Body END

   20 Return: RETURN
   21       | RETURN Expression

   22 Print: PRINT ExpressionList

   23 Body: Body Statement
   24     | ε

   25 Expression: Relation
   26           | Expression AND Relation
   27           | Expression OR Relation
   28           | Expression XOR Relation

   29 Relation: Factor
   30         | Relation LT Factor
   31         | Relation LE Factor
   32         | Relation GT Factor
   33         | Relation GE Factor
   34         | Relation EQ Factor
   35         | Relation NEQ Factor

   36 Factor: Term
   37       | Factor PLUS Term
   38       | Factor MINUS Term

   39 Term: Unary
   40     | Term MUL Unary
   41     | Term DIV Unary
   42     | Term MOD Unary

   43 Unary: Reference
   44      | Reference IS TypeIndicator
   45      | Primary
   46      | PLUS Primary
   47      | MINUS Primary
   48      | NOT Primary

   49 FunctionCall: IDENT LPAREN ExpressionList RPAREN

   50 Primary: Literal
   51        | LPAREN Expression RPAREN
   52        | FunctionCall

   53 Literal: INTEGER
   54        | REAL
   55        | STRING
   56        | TRUE
   57        | FALSE
   58        | Tuple
   59        | Array
   60        | EMPTY

   61 Tuple: LBRACE TupleElementList RBRACE

   62 TupleElement: IDENT ASSIGN Expression
   63             | Expression

   64 TupleElementList: TupleElement
   65                 | TupleElement COMMA TupleElementList
   66                 | ε

   67 Array: LBRACKET ExpressionList RBRACKET

   68 ExpressionList: ExpressionList COMMA Expression
   69               | Expression
   70               | ε

   71 Reference: IDENT
   72          | Reference LBRACKET INTEGER RBRACKET
   73          | Reference DOT IDENT
   74          | Reference DOT INTEGER

   75 TypeIndicator: INT_TYPE
   76              | REAL_TYPE
   77              | BOOL_TYPE
   78              | STRING_TYPE
   79              | EMPTY
   80              | LBRACKET RBRACKET
   81              | LBRACE RBRACE
   82              | FUNC

   83 OptIdentifierList: IDENT
   84                  | OptIdentifierList COMMA IDENT
   85                  | ε

   86 FunBody: IS Body END
   87        | IMPLICATION Statement


Terminals, with rules where they appear

    $end (0) 0
    error (256)
    IDENT <value> (258) 12 13 14 19 49 62 71 73 83 84
    INTEGER (259) 53 72 74
    REAL (260) 54
    STRING (261) 55
    TRUE (262) 56
    FALSE (263) 57
    VAR (264) 10
    IF (265) 16 17
    THEN (266) 16 17
    ELSE (267) 17
    WHILE (268) 18
    FOR (269) 19
    IN (270) 19
    RETURN (271) 20 21
    PRINT (272) 22
    AND (273) 26
    OR (274) 27
    XOR (275) 28
    NOT (276) 48
    IS (277) 44 86
    ASSIGN (278) 13 14 15 62
    PLUS (279) 37 46
    MINUS (280) 38 47
    MUL (281) 40
    DIV (282) 41
    LT (283) 30
    LE (284) 31
    GT (285) 32
    GE (286) 33
    EQ (287) 34
    NEQ (288) 35
    LPAREN (289) 11 49 51
    RPAREN (290) 11 49 51
    LBRACE (291) 61 81
    RBRACE (292) 61 81
    LBRACKET (293) 67 72 80
    RBRACKET (294) 67 72 80
    COMMA (295) 65 68 84
    SEMICOLON (296)
    READINT (297)
    READREAL (298)
    READSTRING (299)
    LOOP (300) 18 19
    DOT (301) 73 74
    END (302) 16 17 18 19 86
    INT_TYPE (303) 75
    REAL_TYPE (304) 76
    BOOL_TYPE (305) 77
    STRING_TYPE (306) 78
    EMPTY (307) 60 79
    VECTOR (308)
    TUPLE (309)
    FUNC (310) 11 82
    INVALID_CHARACTER (311)
    RANGE (312) 19
    IMPLICATION (313) 87
    MOD (314) 42


Nonterminals, with rules where they appear

    $accept (60)
        on left: 0
    Program <node> (61)
        on left: 1 2
        on right: 0 1
    Statement <node> (62)
        on left: 3 4 5 6 7 8 9
        on right: 1 23 87
    Declaration <node> (63)
        on left: 10
        on right: 3
    FunctionDeclaration <node> (64)
        on left: 11
        on right: 14
    VariableDefinition <node> (65)
        on left: 12 13 14
        on right: 10
    Assignment <node> (66)
        on left: 15
        on right: 4
    If <node> (67)
        on left: 16 17
        on right: 5
    Loop <node> (68)
        on left: 18 19
        on right: 6
    Return <node> (69)
        on left: 20 21
        on right: 7
    Print <node> (70)
        on left: 22
        on right: 8
    Body <node> (71)
        on left: 23 24
        on right: 16 17 18 19 23 86
    Expression <node> (72)
        on left: 25 26 27 28
        on right: 13 15 16 17 18 19 21 26 27 28 51 62 63 68 69
    Relation <node> (73)
        on left: 29 30 31 32 33 34 35
        on right: 25 26 27 28 30 31 32 33 34 35
    Factor <node> (74)
        on left: 36 37 38
        on right: 29 30 31 32 33 34 35 37 38
    Term <node> (75)
        on left: 39 40 41 42
        on right: 36 37 38 40 41 42
    Unary <node> (76)
        on left: 43 44 45 46 47 48
        on right: 39 40 41 42
    FunctionCall <node> (77)
        on left: 49
        on right: 9 52
    Primary <node> (78)
        on left: 50 51 52
        on right: 45 46 47 48
    Literal <node> (79)
        on left: 53 54 55 56 57 58 59 60
        on right: 50
    Tuple (80)
        on left: 61
        on right: 58
    TupleElement (81)
        on left: 62 63
        on right: 64 65
    TupleElementList (82)
        on left: 64 65 66
        on right: 61 65
    Array <node> (83)
        on left: 67
        on right: 59
    ExpressionList <node> (84)
        on left: 68 69 70
        on right: 22 49 67 68
    Reference <node> (85)
        on left: 71 72 73 74
        on right: 15 43 44 72 73 74
    TypeIndicator (86)
        on left: 75 76 77 78 79 80 81 82
        on right: 44
    OptIdentifierList <node> (87)
        on left: 83 84 85
        on right: 11 84
    FunBody <node> (88)
        on left: 86 87
        on right: 11


State 0

    0 $accept: • Program $end

    $default  reduce using rule 2 (Program)

    Program  go to state 1


State 1

    0 $accept: Program • $end
    1 Program: Program • Statement

    $end    shift, and go to state 2
    IDENT   shift, and go to state 3
    VAR     shift, and go to state 4
    IF      shift, and go to state 5
    WHILE   shift, and go to state 6
    FOR     shift, and go to state 7
    RETURN  shift, and go to state 8
    PRINT   shift, and go to state 9

    Statement     go to state 10
    Declaration   go to state 11
    Assignment    go to state 12
    If            go to state 13
    Loop          go to state 14
    Return        go to state 15
    Print         go to state 16
    FunctionCall  go to state 17
    Reference     go to state 18


State 2

    0 $accept: Program $end •

    $default  accept


State 3

   49 FunctionCall: IDENT • LPAREN ExpressionList RPAREN
   71 Reference: IDENT •

    LPAREN  shift, and go to state 19

    $default  reduce using rule 71 (Reference)


State 4

   10 Declaration: VAR • VariableDefinition

    IDENT  shift, and go to state 20

    VariableDefinition  go to state 21


State 5

   16 If: IF • Expression THEN Body END
   17   | IF • Expression THEN Body ELSE Body END

    IDENT     shift, and go to state 3
    INTEGER   shift, and go to state 22
    REAL      shift, and go to state 23
    STRING    shift, and go to state 24
    TRUE      shift, and go to state 25
    FALSE     shift, and go to state 26
    NOT       shift, and go to state 27
    PLUS      shift, and go to state 28
    MINUS     shift, and go to state 29
    LPAREN    shift, and go to state 30
    LBRACE    shift, and go to state 31
    LBRACKET  shift, and go to state 32
    EMPTY     shift, and go to state 33

    Expression    go to state 34
    Relation      go to state 35
    Factor        go to state 36
    Term          go to state 37
    Unary         go to state 38
    FunctionCall  go to state 39
    Primary       go to state 40
    Literal       go to state 41
    Tuple         go to state 42
    Array         go to state 43
    Reference     go to state 44


State 6

   18 Loop: WHILE • Expression LOOP Body END

    IDENT     shift, and go to state 3
    INTEGER   shift, and go to state 22
    REAL      shift, and go to state 23
    STRING    shift, and go to state 24
    TRUE      shift, and go to state 25
    FALSE     shift, and go to state 26
    NOT       shift, and go to state 27
    PLUS      shift, and go to state 28
    MINUS     shift, and go to state 29
    LPAREN    shift, and go to state 30
    LBRACE    shift, and go to state 31
    LBRACKET  shift, and go to state 32
    EMPTY     shift, and go to state 33

    Expression    go to state 45
    Relation      go to state 35
    Factor        go to state 36
    Term          go to state 37
    Unary         go to state 38
    FunctionCall  go to state 39
    Primary       go to state 40
    Literal       go to state 41
    Tuple         go to state 42
    Array         go to state 43
    Reference     go to state 44


State 7

   19 Loop: FOR • IDENT IN Expression RANGE Expression LOOP Body END

    IDENT  shift, and go to state 46


State 8

   20 Return: RETURN •
   21       | RETURN • Expression

    IDENT     shift, and go to state 3
    INTEGER   shift, and go to state 22
    REAL      shift, and go to state 23
    STRING    shift, and go to state 24
    TRUE      shift, and go to state 25
    FALSE     shift, and go to state 26
    NOT       shift, and go to state 27
    PLUS      shift, and go to state 28
    MINUS     shift, and go to state 29
    LPAREN    shift, and go to state 30
    LBRACE    shift, and go to state 31
    LBRACKET  shift, and go to state 32
    EMPTY     shift, and go to state 33

    IDENT     [reduce using rule 20 (Return)]
    $default  reduce using rule 20 (Return)

    Expression    go to state 47
    Relation      go to state 35
    Factor        go to state 36
    Term          go to state 37
    Unary         go to state 38
    FunctionCall  go to state 39
    Primary       go to state 40
    Literal       go to state 41
    Tuple         go to state 42
    Array         go to state 43
    Reference     go to state 44


State 9

   22 Print: PRINT • ExpressionList

    IDENT     shift, and go to state 3
    INTEGER   shift, and go to state 22
    REAL      shift, and go to state 23
    STRING    shift, and go to state 24
    TRUE      shift, and go to state 25
    FALSE     shift, and go to state 26
    NOT       shift, and go to state 27
    PLUS      shift, and go to state 28
    MINUS     shift, and go to state 29
    LPAREN    shift, and go to state 30
    LBRACE    shift, and go to state 31
    LBRACKET  shift, and go to state 32
    EMPTY     shift, and go to state 33

    IDENT     [reduce using rule 70 (ExpressionList)]
    $default  reduce using rule 70 (ExpressionList)

    Expression      go to state 48
    Relation        go to state 35
    Factor          go to state 36
    Term            go to state 37
    Unary           go to state 38
    FunctionCall    go to state 39
    Primary         go to state 40
    Literal         go to state 41
    Tuple           go to state 42
    Array           go to state 43
    ExpressionList  go to state 49
    Reference       go to state 44


State 10

    1 Program: Program Statement •

    $default  reduce using rule 1 (Program)


State 11

    3 Statement: Declaration •

    $default  reduce using rule 3 (Statement)


State 12

    4 Statement: Assignment •

    $default  reduce using rule 4 (Statement)


State 13

    5 Statement: If •

    $default  reduce using rule 5 (Statement)


State 14

    6 Statement: Loop •

    $default  reduce using rule 6 (Statement)


State 15

    7 Statement: Return •

    $default  reduce using rule 7 (Statement)


State 16

    8 Statement: Print •

    $default  reduce using rule 8 (Statement)


State 17

    9 Statement: FunctionCall •

    $default  reduce using rule 9 (Statement)


State 18

   15 Assignment: Reference • ASSIGN Expression
   72 Reference: Reference • LBRACKET INTEGER RBRACKET
   73          | Reference • DOT IDENT
   74          | Reference • DOT INTEGER

    ASSIGN    shift, and go to state 50
    LBRACKET  shift, and go to state 51
    DOT       shift, and go to state 52


State 19

   49 FunctionCall: IDENT LPAREN • ExpressionList RPAREN

    IDENT     shift, and go to state 3
    INTEGER   shift, and go to state 22
    REAL      shift, and go to state 23
    STRING    shift, and go to state 24
    TRUE      shift, and go to state 25
    FALSE     shift, and go to state 26
    NOT       shift, and go to state 27
    PLUS      shift, and go to state 28
    MINUS     shift, and go to state 29
    LPAREN    shift, and go to state 30
    LBRACE    shift, and go to state 31
    LBRACKET  shift, and go to state 32
    EMPTY     shift, and go to state 33

    $default  reduce using rule 70 (ExpressionList)

    Expression      go to state 48
    Relation        go to state 35
    Factor          go to state 36
    Term            go to state 37
    Unary           go to state 38
    FunctionCall    go to state 39
    Primary         go to state 40
    Literal         go to state 41
    Tuple           go to state 42
    Array           go to state 43
    ExpressionList  go to state 53
    Reference       go to state 44


State 20

   12 VariableDefinition: IDENT •
   13                   | IDENT • ASSIGN Expression
   14                   | IDENT • ASSIGN FunctionDeclaration

    ASSIGN  shift, and go to state 54

    $default  reduce using rule 12 (VariableDefinition)


State 21

   10 Declaration: VAR VariableDefinition •

    $default  reduce using rule 10 (Declaration)


State 22

   53 Literal: INTEGER •

    $default  reduce using rule 53 (Literal)


State 23

   54 Literal: REAL •

    $default  reduce using rule 54 (Literal)


State 24

   55 Literal: STRING •

    $default  reduce using rule 55 (Literal)


State 25

   56 Literal: TRUE •

    $default  reduce using rule 56 (Literal)


State 26

   57 Literal: FALSE •

    $default  reduce using rule 57 (Literal)


State 27

   48 Unary: NOT • Primary

    IDENT     shift, and go to state 55
    INTEGER   shift, and go to state 22
    REAL      shift, and go to state 23
    STRING    shift, and go to state 24
    TRUE      shift, and go to state 25
    FALSE     shift, and go to state 26
    LPAREN    shift, and go to state 30
    LBRACE    shift, and go to state 31
    LBRACKET  shift, and go to state 32
    EMPTY     shift, and go to state 33

    FunctionCall  go to state 39
    Primary       go to state 56
    Literal       go to state 41
    Tuple         go to state 42
    Array         go to state 43


State 28

   46 Unary: PLUS • Primary

    IDENT     shift, and go to state 55
    INTEGER   shift, and go to state 22
    REAL      shift, and go to state 23
    STRING    shift, and go to state 24
    TRUE      shift, and go to state 25
    FALSE     shift, and go to state 26
    LPAREN    shift, and go to state 30
    LBRACE    shift, and go to state 31
    LBRACKET  shift, and go to state 32
    EMPTY     shift, and go to state 33

    FunctionCall  go to state 39
    Primary       go to state 57
    Literal       go to state 41
    Tuple         go to state 42
    Array         go to state 43


State 29

   47 Unary: MINUS • Primary

    IDENT     shift, and go to state 55
    INTEGER   shift, and go to state 22
    REAL      shift, and go to state 23
    STRING    shift, and go to state 24
    TRUE      shift, and go to state 25
    FALSE     shift, and go to state 26
    LPAREN    shift, and go to state 30
    LBRACE    shift, and go to state 31
    LBRACKET  shift, and go to state 32
    EMPTY     shift, and go to state 33

    FunctionCall  go to state 39
    Primary       go to state 58
    Literal       go to state 41
    Tuple         go to state 42
    Array         go to state 43


State 30

   51 Primary: LPAREN • Expression RPAREN

    IDENT     shift, and go to state 3
    INTEGER   shift, and go to state 22
    REAL      shift, and go to state 23
    STRING    shift, and go to state 24
    TRUE      shift, and go to state 25
    FALSE     shift, and go to state 26
    NOT       shift, and go to state 27
    PLUS      shift, and go to state 28
    MINUS     shift, and go to state 29
    LPAREN    shift, and go to state 30
    LBRACE    shift, and go to state 31
    LBRACKET  shift, and go to state 32
    EMPTY     shift, and go to state 33

    Expression    go to state 59
    Relation      go to state 35
    Factor        go to state 36
    Term          go to state 37
    Unary         go to state 38
    FunctionCall  go to state 39
    Primary       go to state 40
    Literal       go to state 41
    Tuple         go to state 42
    Array         go to state 43
    Reference     go to state 44


State 31

   61 Tuple: LBRACE • TupleElementList RBRACE

    IDENT     shift, and go to state 60
    INTEGER   shift, and go to state 22
    REAL      shift, and go to state 23
    STRING    shift, and go to state 24
    TRUE      shift, and go to state 25
    FALSE     shift, and go to state 26
    NOT       shift, and go to state 27
    PLUS      shift, and go to state 28
    MINUS     shift, and go to state 29
    LPAREN    shift, and go to state 30
    LBRACE    shift, and go to state 31
    LBRACKET  shift, and go to state 32
    EMPTY     shift, and go to state 33

    $default  reduce using rule 66 (TupleElementList)

    Expression        go to state 61
    Relation          go to state 35
    Factor            go to state 36
    Term              go to state 37
    Unary             go to state 38
    FunctionCall      go to state 39
    Primary           go to state 40
    Literal           go to state 41
    Tuple             go to state 42
    TupleElement      go to state 62
    TupleElementList  go to state 63
    Array             go to state 43
    Reference         go to state 44


State 32

   67 Array: LBRACKET • ExpressionList RBRACKET

    IDENT     shift, and go to state 3
    INTEGER   shift, and go to state 22
    REAL      shift, and go to state 23
    STRING    shift, and go to state 24
    TRUE      shift, and go to state 25
    FALSE     shift, and go to state 26
    NOT       shift, and go to state 27
    PLUS      shift, and go to state 28
    MINUS     shift, and go to state 29
    LPAREN    shift, and go to state 30
    LBRACE    shift, and go to state 31
    LBRACKET  shift, and go to state 32
    EMPTY     shift, and go to state 33

    $default  reduce using rule 70 (ExpressionList)

    Expression      go to state 48
    Relation        go to state 35
    Factor          go to state 36
    Term            go to state 37
    Unary           go to state 38
    FunctionCall    go to state 39
    Primary         go to state 40
    Literal         go to state 41
    Tuple           go to state 42
    Array           go to state 43
    ExpressionList  go to state 64
    Reference       go to state 44


State 33

   60 Literal: EMPTY •

    $default  reduce using rule 60 (Literal)


State 34

   16 If: IF Expression • THEN Body END
   17   | IF Expression • THEN Body ELSE Body END
   26 Expression: Expression • AND Relation
   27           | Expression • OR Relation
   28           | Expression • XOR Relation

    THEN  shift, and go to state 65
    AND   shift, and go to state 66
    OR    shift, and go to state 67
    XOR   shift, and go to state 68


State 35

   25 Expression: Relation •
   30 Relation: Relation • LT Factor
   31         | Relation • LE Factor
   32         | Relation • GT Factor
   33         | Relation • GE Factor
   34         | Relation • EQ Factor
   35         | Relation • NEQ Factor

    LT   shift, and go to state 69
    LE   shift, and go to state 70
    GT   shift, and go to state 71
    GE   shift, and go to state 72
    EQ   shift, and go to state 73
    NEQ  shift, and go to state 74

    $default  reduce using rule 25 (Expression)


State 36

   29 Relation: Factor •
   37 Factor: Factor • PLUS Term
   38       | Factor • MINUS Term

    PLUS   shift, and go to state 75
    MINUS  shift, and go to state 76

    $default  reduce using rule 29 (Relation)


State 37

   36 Factor: Term •
   40 Term: Term • MUL Unary
   41     | Term • DIV Unary
   42     | Term • MOD Unary

    MUL  shift, and go to state 77
    DIV  shift, and go to state 78
    MOD  shift, and go to state 79

    $default  reduce using rule 36 (Factor)


State 38

   39 Term: Unary •

    $default  reduce using rule 39 (Term)


State 39

   52 Primary: FunctionCall •

    $default  reduce using rule 52 (Primary)


State 40

   45 Unary: Primary •

    $default  reduce using rule 45 (Unary)


State 41

   50 Primary: Literal •

    $default  reduce using rule 50 (Primary)


State 42

   58 Literal: Tuple •

    $default  reduce using rule 58 (Literal)


State 43

   59 Literal: Array •

    $default  reduce using rule 59 (Literal)


State 44

   43 Unary: Reference •
   44      | Reference • IS TypeIndicator
   72 Reference: Reference • LBRACKET INTEGER RBRACKET
   73          | Reference • DOT IDENT
   74          | Reference • DOT INTEGER

    IS        shift, and go to state 80
    LBRACKET  shift, and go to state 51
    DOT       shift, and go to state 52

    $default  reduce using rule 43 (Unary)


State 45

   18 Loop: WHILE Expression • LOOP Body END
   26 Expression: Expression • AND Relation
   27           | Expression • OR Relation
   28           | Expression • XOR Relation

    AND   shift, and go to state 66
    OR    shift, and go to state 67
    XOR   shift, and go to state 68
    LOOP  shift, and go to state 81


State 46

   19 Loop: FOR IDENT • IN Expression RANGE Expression LOOP Body END

    IN  shift, and go to state 82


State 47

   21 Return: RETURN Expression •
   26 Expression: Expression • AND Relation
   27           | Expression • OR Relation
   28           | Expression • XOR Relation

    AND  shift, and go to state 66
    OR   shift, and go to state 67
    XOR  shift, and go to state 68

    $default  reduce using rule 21 (Return)


State 48

   26 Expression: Expression • AND Relation
   27           | Expression • OR Relation
   28           | Expression • XOR Relation
   69 ExpressionList: Expression •

    AND  shift, and go to state 66
    OR   shift, and go to state 67
    XOR  shift, and go to state 68

    $default  reduce using rule 69 (ExpressionList)


State 49

   22 Print: PRINT ExpressionList •
   68 ExpressionList: ExpressionList • COMMA Expression

    COMMA  shift, and go to state 83

    $default  reduce using rule 22 (Print)


State 50

   15 Assignment: Reference ASSIGN • Expression

    IDENT     shift, and go to state 3
    INTEGER   shift, and go to state 22
    REAL      shift, and go to state 23
    STRING    shift, and go to state 24
    TRUE      shift, and go to state 25
    FALSE     shift, and go to state 26
    NOT       shift, and go to state 27
    PLUS      shift, and go to state 28
    MINUS     shift, and go to state 29
    LPAREN    shift, and go to state 30
    LBRACE    shift, and go to state 31
    LBRACKET  shift, and go to state 32
    EMPTY     shift, and go to state 33

    Expression    go to state 84
    Relation      go to state 35
    Factor        go to state 36
    Term          go to state 37
    Unary         go to state 38
    FunctionCall  go to state 39
    Primary       go to state 40
    Literal       go to state 41
    Tuple         go to state 42
    Array         go to state 43
    Reference     go to state 44


State 51

   72 Reference: Reference LBRACKET • INTEGER RBRACKET

    INTEGER  shift, and go to state 85


State 52

   73 Reference: Reference DOT • IDENT
   74          | Reference DOT • INTEGER

    IDENT    shift, and go to state 86
    INTEGER  shift, and go to state 87


State 53

   49 FunctionCall: IDENT LPAREN ExpressionList • RPAREN
   68 ExpressionList: ExpressionList • COMMA Expression

    RPAREN  shift, and go to state 88
    COMMA   shift, and go to state 83


State 54

   13 VariableDefinition: IDENT ASSIGN • Expression
   14                   | IDENT ASSIGN • FunctionDeclaration

    IDENT     shift, and go to state 3
    INTEGER   shift, and go to state 22
    REAL      shift, and go to state 23
    STRING    shift, and go to state 24
    TRUE      shift, and go to state 25
    FALSE     shift, and go to state 26
    NOT       shift, and go to state 27
    PLUS      shift, and go to state 28
    MINUS     shift, and go to state 29
    LPAREN    shift, and go to state 30
    LBRACE    shift, and go to state 31
    LBRACKET  shift, and go to state 32
    EMPTY     shift, and go to state 33
    FUNC      shift, and go to state 89

    FunctionDeclaration  go to state 90
    Expression           go to state 91
    Relation             go to state 35
    Factor               go to state 36
    Term                 go to state 37
    Unary                go to state 38
    FunctionCall         go to state 39
    Primary              go to state 40
    Literal              go to state 41
    Tuple                go to state 42
    Array                go to state 43
    Reference            go to state 44


State 55

   49 FunctionCall: IDENT • LPAREN ExpressionList RPAREN

    LPAREN  shift, and go to state 19


State 56

   48 Unary: NOT Primary •

    $default  reduce using rule 48 (Unary)


State 57

   46 Unary: PLUS Primary •

    $default  reduce using rule 46 (Unary)


State 58

   47 Unary: MINUS Primary •

    $default  reduce using rule 47 (Unary)


State 59

   26 Expression: Expression • AND Relation
   27           | Expression • OR Relation
   28           | Expression • XOR Relation
   51 Primary: LPAREN Expression • RPAREN

    AND     shift, and go to state 66
    OR      shift, and go to state 67
    XOR     shift, and go to state 68
    RPAREN  shift, and go to state 92


State 60

   49 FunctionCall: IDENT • LPAREN ExpressionList RPAREN
   62 TupleElement: IDENT • ASSIGN Expression
   71 Reference: IDENT •

    ASSIGN  shift, and go to state 93
    LPAREN  shift, and go to state 19

    $default  reduce using rule 71 (Reference)


State 61

   26 Expression: Expression • AND Relation
   27           | Expression • OR Relation
   28           | Expression • XOR Relation
   63 TupleElement: Expression •

    AND  shift, and go to state 66
    OR   shift, and go to state 67
    XOR  shift, and go to state 68

    $default  reduce using rule 63 (TupleElement)


State 62

   64 TupleElementList: TupleElement •
   65                 | TupleElement • COMMA TupleElementList

    COMMA  shift, and go to state 94

    $default  reduce using rule 64 (TupleElementList)


State 63

   61 Tuple: LBRACE TupleElementList • RBRACE

    RBRACE  shift, and go to state 95


State 64

   67 Array: LBRACKET ExpressionList • RBRACKET
   68 ExpressionList: ExpressionList • COMMA Expression

    RBRACKET  shift, and go to state 96
    COMMA     shift, and go to state 83


State 65

   16 If: IF Expression THEN • Body END
   17   | IF Expression THEN • Body ELSE Body END

    $default  reduce using rule 24 (Body)

    Body  go to state 97


State 66

   26 Expression: Expression AND • Relation

    IDENT     shift, and go to state 3
    INTEGER   shift, and go to state 22
    REAL      shift, and go to state 23
    STRING    shift, and go to state 24
    TRUE      shift, and go to state 25
    FALSE     shift, and go to state 26
    NOT       shift, and go to state 27
    PLUS      shift, and go to state 28
    MINUS     shift, and go to state 29
    LPAREN    shift, and go to state 30
    LBRACE    shift, and go to state 31
    LBRACKET  shift, and go to state 32
    EMPTY     shift, and go to state 33

    Relation      go to state 98
    Factor        go to state 36
    Term          go to state 37
    Unary         go to state 38
    FunctionCall  go to state 39
    Primary       go to state 40
    Literal       go to state 41
    Tuple         go to state 42
    Array         go to state 43
    Reference     go to state 44


State 67

   27 Expression: Expression OR • Relation

    IDENT     shift, and go to state 3
    INTEGER   shift, and go to state 22
    REAL      shift, and go to state 23
    STRING    shift, and go to state 24
    TRUE      shift, and go to state 25
    FALSE     shift, and go to state 26
    NOT       shift, and go to state 27
    PLUS      shift, and go to state 28
    MINUS     shift, and go to state 29
    LPAREN    shift, and go to state 30
    LBRACE    shift, and go to state 31
    LBRACKET  shift, and go to state 32
    EMPTY     shift, and go to state 33

    Relation      go to state 99
    Factor        go to state 36
    Term          go to state 37
    Unary         go to state 38
    FunctionCall  go to state 39
    Primary       go to state 40
    Literal       go to state 41
    Tuple         go to state 42
    Array         go to state 43
    Reference     go to state 44


State 68

   28 Expression: Expression XOR • Relation

    IDENT     shift, and go to state 3
    INTEGER   shift, and go to state 22
    REAL      shift, and go to state 23
    STRING    shift, and go to state 24
    TRUE      shift, and go to state 25
    FALSE     shift, and go to state 26
    NOT       shift, and go to state 27
    PLUS      shift, and go to state 28
    MINUS     shift, and go to state 29
    LPAREN    shift, and go to state 30
    LBRACE    shift, and go to state 31
    LBRACKET  shift, and go to state 32
    EMPTY     shift, and go to state 33

    Relation      go to state 100
    Factor        go to state 36
    Term          go to state 37
    Unary         go to state 38
    FunctionCall  go to state 39
    Primary       go to state 40
    Literal       go to state 41
    Tuple         go to state 42
    Array         go to state 43
    Reference     go to state 44


State 69

   30 Relation: Relation LT • Factor

    IDENT     shift, and go to state 3
    INTEGER   shift, and go to state 22
    REAL      shift, and go to state 23
    STRING    shift, and go to state 24
    TRUE      shift, and go to state 25
    FALSE     shift, and go to state 26
    NOT       shift, and go to state 27
    PLUS      shift, and go to state 28
    MINUS     shift, and go to state 29
    LPAREN    shift, and go to state 30
    LBRACE    shift, and go to state 31
    LBRACKET  shift, and go to state 32
    EMPTY     shift, and go to state 33

    Factor        go to state 101
    Term          go to state 37
    Unary         go to state 38
    FunctionCall  go to state 39
    Primary       go to state 40
    Literal       go to state 41
    Tuple         go to state 42
    Array         go to state 43
    Reference     go to state 44


State 70

   31 Relation: Relation LE • Factor

    IDENT     shift, and go to state 3
    INTEGER   shift, and go to state 22
    REAL      shift, and go to state 23
    STRING    shift, and go to state 24
    TRUE      shift, and go to state 25
    FALSE     shift, and go to state 26
    NOT       shift, and go to state 27
    PLUS      shift, and go to state 28
    MINUS     shift, and go to state 29
    LPAREN    shift, and go to state 30
    LBRACE    shift, and go to state 31
    LBRACKET  shift, and go to state 32
    EMPTY     shift, and go to state 33

    Factor        go to state 102
    Term          go to state 37
    Unary         go to state 38
    FunctionCall  go to state 39
    Primary       go to state 40
    Literal       go to state 41
    Tuple         go to state 42
    Array         go to state 43
    Reference     go to state 44


State 71

   32 Relation: Relation GT • Factor

    IDENT     shift, and go to state 3
    INTEGER   shift, and go to state 22
    REAL      shift, and go to state 23
    STRING    shift, and go to state 24
    TRUE      shift, and go to state 25
    FALSE     shift, and go to state 26
    NOT       shift, and go to state 27
    PLUS      shift, and go to state 28
    MINUS     shift, and go to state 29
    LPAREN    shift, and go to state 30
    LBRACE    shift, and go to state 31
    LBRACKET  shift, and go to state 32
    EMPTY     shift, and go to state 33

    Factor        go to state 103
    Term          go to state 37
    Unary         go to state 38
    FunctionCall  go to state 39
    Primary       go to state 40
    Literal       go to state 41
    Tuple         go to state 42
    Array         go to state 43
    Reference     go to state 44


State 72

   33 Relation: Relation GE • Factor

    IDENT     shift, and go to state 3
    INTEGER   shift, and go to state 22
    REAL      shift, and go to state 23
    STRING    shift, and go to state 24
    TRUE      shift, and go to state 25
    FALSE     shift, and go to state 26
    NOT       shift, and go to state 27
    PLUS      shift, and go to state 28
    MINUS     shift, and go to state 29
    LPAREN    shift, and go to state 30
    LBRACE    shift, and go to state 31
    LBRACKET  shift, and go to state 32
    EMPTY     shift, and go to state 33

    Factor        go to state 104
    Term          go to state 37
    Unary         go to state 38
    FunctionCall  go to state 39
    Primary       go to state 40
    Literal       go to state 41
    Tuple         go to state 42
    Array         go to state 43
    Reference     go to state 44


State 73

   34 Relation: Relation EQ • Factor

    IDENT     shift, and go to state 3
    INTEGER   shift, and go to state 22
    REAL      shift, and go to state 23
    STRING    shift, and go to state 24
    TRUE      shift, and go to state 25
    FALSE     shift, and go to state 26
    NOT       shift, and go to state 27
    PLUS      shift, and go to state 28
    MINUS     shift, and go to state 29
    LPAREN    shift, and go to state 30
    LBRACE    shift, and go to state 31
    LBRACKET  shift, and go to state 32
    EMPTY     shift, and go to state 33

    Factor        go to state 105
    Term          go to state 37
    Unary         go to state 38
    FunctionCall  go to state 39
    Primary       go to state 40
    Literal       go to state 41
    Tuple         go to state 42
    Array         go to state 43
    Reference     go to state 44


State 74

   35 Relation: Relation NEQ • Factor

    IDENT     shift, and go to state 3
    INTEGER   shift, and go to state 22
    REAL      shift, and go to state 23
    STRING    shift, and go to state 24
    TRUE      shift, and go to state 25
    FALSE     shift, and go to state 26
    NOT       shift, and go to state 27
    PLUS      shift, and go to state 28
    MINUS     shift, and go to state 29
    LPAREN    shift, and go to state 30
    LBRACE    shift, and go to state 31
    LBRACKET  shift, and go to state 32
    EMPTY     shift, and go to state 33

    Factor        go to state 106
    Term          go to state 37
    Unary         go to state 38
    FunctionCall  go to state 39
    Primary       go to state 40
    Literal       go to state 41
    Tuple         go to state 42
    Array         go to state 43
    Reference     go to state 44


State 75

   37 Factor: Factor PLUS • Term

    IDENT     shift, and go to state 3
    INTEGER   shift, and go to state 22
    REAL      shift, and go to state 23
    STRING    shift, and go to state 24
    TRUE      shift, and go to state 25
    FALSE     shift, and go to state 26
    NOT       shift, and go to state 27
    PLUS      shift, and go to state 28
    MINUS     shift, and go to state 29
    LPAREN    shift, and go to state 30
    LBRACE    shift, and go to state 31
    LBRACKET  shift, and go to state 32
    EMPTY     shift, and go to state 33

    Term          go to state 107
    Unary         go to state 38
    FunctionCall  go to state 39
    Primary       go to state 40
    Literal       go to state 41
    Tuple         go to state 42
    Array         go to state 43
    Reference     go to state 44


State 76

   38 Factor: Factor MINUS • Term

    IDENT     shift, and go to state 3
    INTEGER   shift, and go to state 22
    REAL      shift, and go to state 23
    STRING    shift, and go to state 24
    TRUE      shift, and go to state 25
    FALSE     shift, and go to state 26
    NOT       shift, and go to state 27
    PLUS      shift, and go to state 28
    MINUS     shift, and go to state 29
    LPAREN    shift, and go to state 30
    LBRACE    shift, and go to state 31
    LBRACKET  shift, and go to state 32
    EMPTY     shift, and go to state 33

    Term          go to state 108
    Unary         go to state 38
    FunctionCall  go to state 39
    Primary       go to state 40
    Literal       go to state 41
    Tuple         go to state 42
    Array         go to state 43
    Reference     go to state 44


State 77

   40 Term: Term MUL • Unary

    IDENT     shift, and go to state 3
    INTEGER   shift, and go to state 22
    REAL      shift, and go to state 23
    STRING    shift, and go to state 24
    TRUE      shift, and go to state 25
    FALSE     shift, and go to state 26
    NOT       shift, and go to state 27
    PLUS      shift, and go to state 28
    MINUS     shift, and go to state 29
    LPAREN    shift, and go to state 30
    LBRACE    shift, and go to state 31
    LBRACKET  shift, and go to state 32
    EMPTY     shift, and go to state 33

    Unary         go to state 109
    FunctionCall  go to state 39
    Primary       go to state 40
    Literal       go to state 41
    Tuple         go to state 42
    Array         go to state 43
    Reference     go to state 44


State 78

   41 Term: Term DIV • Unary

    IDENT     shift, and go to state 3
    INTEGER   shift, and go to state 22
    REAL      shift, and go to state 23
    STRING    shift, and go to state 24
    TRUE      shift, and go to state 25
    FALSE     shift, and go to state 26
    NOT       shift, and go to state 27
    PLUS      shift, and go to state 28
    MINUS     shift, and go to state 29
    LPAREN    shift, and go to state 30
    LBRACE    shift, and go to state 31
    LBRACKET  shift, and go to state 32
    EMPTY     shift, and go to state 33

    Unary         go to state 110
    FunctionCall  go to state 39
    Primary       go to state 40
    Literal       go to state 41
    Tuple         go to state 42
    Array         go to state 43
    Reference     go to state 44


State 79

   42 Term: Term MOD • Unary

    IDENT     shift, and go to state 3
    INTEGER   shift, and go to state 22
    REAL      shift, and go to state 23
    STRING    shift, and go to state 24
    TRUE      shift, and go to state 25
    FALSE     shift, and go to state 26
    NOT       shift, and go to state 27
    PLUS      shift, and go to state 28
    MINUS     shift, and go to state 29
    LPAREN    shift, and go to state 30
    LBRACE    shift, and go to state 31
    LBRACKET  shift, and go to state 32
    EMPTY     shift, and go to state 33

    Unary         go to state 111
    FunctionCall  go to state 39
    Primary       go to state 40
    Literal       go to state 41
    Tuple         go to state 42
    Array         go to state 43
    Reference     go to state 44


State 80

   44 Unary: Reference IS • TypeIndicator

    LBRACE       shift, and go to state 112
    LBRACKET     shift, and go to state 113
    INT_TYPE     shift, and go to state 114
    REAL_TYPE    shift, and go to state 115
    BOOL_TYPE    shift, and go to state 116
    STRING_TYPE  shift, and go to state 117
    EMPTY        shift, and go to state 118
    FUNC         shift, and go to state 119

    TypeIndicator  go to state 120


State 81

   18 Loop: WHILE Expression LOOP • Body END

    $default  reduce using rule 24 (Body)

    Body  go to state 121


State 82

   19 Loop: FOR IDENT IN • Expression RANGE Expression LOOP Body END

    IDENT     shift, and go to state 3
    INTEGER   shift, and go to state 22
    REAL      shift, and go to state 23
    STRING    shift, and go to state 24
    TRUE      shift, and go to state 25
    FALSE     shift, and go to state 26
    NOT       shift, and go to state 27
    PLUS      shift, and go to state 28
    MINUS     shift, and go to state 29
    LPAREN    shift, and go to state 30
    LBRACE    shift, and go to state 31
    LBRACKET  shift, and go to state 32
    EMPTY     shift, and go to state 33

    Expression    go to state 122
    Relation      go to state 35
    Factor        go to state 36
    Term          go to state 37
    Unary         go to state 38
    FunctionCall  go to state 39
    Primary       go to state 40
    Literal       go to state 41
    Tuple         go to state 42
    Array         go to state 43
    Reference     go to state 44


State 83

   68 ExpressionList: ExpressionList COMMA • Expression

    IDENT     shift, and go to state 3
    INTEGER   shift, and go to state 22
    REAL      shift, and go to state 23
    STRING    shift, and go to state 24
    TRUE      shift, and go to state 25
    FALSE     shift, and go to state 26
    NOT       shift, and go to state 27
    PLUS      shift, and go to state 28
    MINUS     shift, and go to state 29
    LPAREN    shift, and go to state 30
    LBRACE    shift, and go to state 31
    LBRACKET  shift, and go to state 32
    EMPTY     shift, and go to state 33

    Expression    go to state 123
    Relation      go to state 35
    Factor        go to state 36
    Term          go to state 37
    Unary         go to state 38
    FunctionCall  go to state 39
    Primary       go to state 40
    Literal       go to state 41
    Tuple         go to state 42
    Array         go to state 43
    Reference     go to state 44


State 84

   15 Assignment: Reference ASSIGN Expression •
   26 Expression: Expression • AND Relation
   27           | Expression • OR Relation
   28           | Expression • XOR Relation

    AND  shift, and go to state 66
    OR   shift, and go to state 67
    XOR  shift, and go to state 68

    $default  reduce using rule 15 (Assignment)


State 85

   72 Reference: Reference LBRACKET INTEGER • RBRACKET

    RBRACKET  shift, and go to state 124


State 86

   73 Reference: Reference DOT IDENT •

    $default  reduce using rule 73 (Reference)


State 87

   74 Reference: Reference DOT INTEGER •

    $default  reduce using rule 74 (Reference)


State 88

   49 FunctionCall: IDENT LPAREN ExpressionList RPAREN •

    $default  reduce using rule 49 (FunctionCall)


State 89

   11 FunctionDeclaration: FUNC • LPAREN OptIdentifierList RPAREN FunBody

    LPAREN  shift, and go to state 125


State 90

   14 VariableDefinition: IDENT ASSIGN FunctionDeclaration •

    $default  reduce using rule 14 (VariableDefinition)


State 91

   13 VariableDefinition: IDENT ASSIGN Expression •
   26 Expression: Expression • AND Relation
   27           | Expression • OR Relation
   28           | Expression • XOR Relation

    AND  shift, and go to state 66
    OR   shift, and go to state 67
    XOR  shift, and go to state 68

    $default  reduce using rule 13 (VariableDefinition)


State 92

   51 Primary: LPAREN Expression RPAREN •

    $default  reduce using rule 51 (Primary)


State 93

   62 TupleElement: IDENT ASSIGN • Expression

    IDENT     shift, and go to state 3
    INTEGER   shift, and go to state 22
    REAL      shift, and go to state 23
    STRING    shift, and go to state 24
    TRUE      shift, and go to state 25
    FALSE     shift, and go to state 26
    NOT       shift, and go to state 27
    PLUS      shift, and go to state 28
    MINUS     shift, and go to state 29
    LPAREN    shift, and go to state 30
    LBRACE    shift, and go to state 31
    LBRACKET  shift, and go to state 32
    EMPTY     shift, and go to state 33

    Expression    go to state 126
    Relation      go to state 35
    Factor        go to state 36
    Term          go to state 37
    Unary         go to state 38
    FunctionCall  go to state 39
    Primary       go to state 40
    Literal       go to state 41
    Tuple         go to state 42
    Array         go to state 43
    Reference     go to state 44


State 94

   65 TupleElementList: TupleElement COMMA • TupleElementList

    IDENT     shift, and go to state 60
    INTEGER   shift, and go to state 22
    REAL      shift, and go to state 23
    STRING    shift, and go to state 24
    TRUE      shift, and go to state 25
    FALSE     shift, and go to state 26
    NOT       shift, and go to state 27
    PLUS      shift, and go to state 28
    MINUS     shift, and go to state 29
    LPAREN    shift, and go to state 30
    LBRACE    shift, and go to state 31
    LBRACKET  shift, and go to state 32
    EMPTY     shift, and go to state 33

    $default  reduce using rule 66 (TupleElementList)

    Expression        go to state 61
    Relation          go to state 35
    Factor            go to state 36
    Term              go to state 37
    Unary             go to state 38
    FunctionCall      go to state 39
    Primary           go to state 40
    Literal           go to state 41
    Tuple             go to state 42
    TupleElement      go to state 62
    TupleElementList  go to state 127
    Array             go to state 43
    Reference         go to state 44


State 95

   61 Tuple: LBRACE TupleElementList RBRACE •

    $default  reduce using rule 61 (Tuple)


State 96

   67 Array: LBRACKET ExpressionList RBRACKET •

    $default  reduce using rule 67 (Array)


State 97

   16 If: IF Expression THEN Body • END
   17   | IF Expression THEN Body • ELSE Body END
   23 Body: Body • Statement

    IDENT   shift, and go to state 3
    VAR     shift, and go to state 4
    IF      shift, and go to state 5
    ELSE    shift, and go to state 128
    WHILE   shift, and go to state 6
    FOR     shift, and go to state 7
    RETURN  shift, and go to state 8
    PRINT   shift, and go to state 9
    END     shift, and go to state 129

    Statement     go to state 130
    Declaration   go to state 11
    Assignment    go to state 12
    If            go to state 13
    Loop          go to state 14
    Return        go to state 15
    Print         go to state 16
    FunctionCall  go to state 17
    Reference     go to state 18


State 98

   26 Expression: Expression AND Relation •
   30 Relation: Relation • LT Factor
   31         | Relation • LE Factor
   32         | Relation • GT Factor
   33         | Relation • GE Factor
   34         | Relation • EQ Factor
   35         | Relation • NEQ Factor

    LT   shift, and go to state 69
    LE   shift, and go to state 70
    GT   shift, and go to state 71
    GE   shift, and go to state 72
    EQ   shift, and go to state 73
    NEQ  shift, and go to state 74

    $default  reduce using rule 26 (Expression)


State 99

   27 Expression: Expression OR Relation •
   30 Relation: Relation • LT Factor
   31         | Relation • LE Factor
   32         | Relation • GT Factor
   33         | Relation • GE Factor
   34         | Relation • EQ Factor
   35         | Relation • NEQ Factor

    LT   shift, and go to state 69
    LE   shift, and go to state 70
    GT   shift, and go to state 71
    GE   shift, and go to state 72
    EQ   shift, and go to state 73
    NEQ  shift, and go to state 74

    $default  reduce using rule 27 (Expression)


State 100

   28 Expression: Expression XOR Relation •
   30 Relation: Relation • LT Factor
   31         | Relation • LE Factor
   32         | Relation • GT Factor
   33         | Relation • GE Factor
   34         | Relation • EQ Factor
   35         | Relation • NEQ Factor

    LT   shift, and go to state 69
    LE   shift, and go to state 70
    GT   shift, and go to state 71
    GE   shift, and go to state 72
    EQ   shift, and go to state 73
    NEQ  shift, and go to state 74

    $default  reduce using rule 28 (Expression)


State 101

   30 Relation: Relation LT Factor •
   37 Factor: Factor • PLUS Term
   38       | Factor • MINUS Term

    PLUS   shift, and go to state 75
    MINUS  shift, and go to state 76

    $default  reduce using rule 30 (Relation)


State 102

   31 Relation: Relation LE Factor •
   37 Factor: Factor • PLUS Term
   38       | Factor • MINUS Term

    PLUS   shift, and go to state 75
    MINUS  shift, and go to state 76

    $default  reduce using rule 31 (Relation)


State 103

   32 Relation: Relation GT Factor •
   37 Factor: Factor • PLUS Term
   38       | Factor • MINUS Term

    PLUS   shift, and go to state 75
    MINUS  shift, and go to state 76

    $default  reduce using rule 32 (Relation)


State 104

   33 Relation: Relation GE Factor •
   37 Factor: Factor • PLUS Term
   38       | Factor • MINUS Term

    PLUS   shift, and go to state 75
    MINUS  shift, and go to state 76

    $default  reduce using rule 33 (Relation)


State 105

   34 Relation: Relation EQ Factor •
   37 Factor: Factor • PLUS Term
   38       | Factor • MINUS Term

    PLUS   shift, and go to state 75
    MINUS  shift, and go to state 76

    $default  reduce using rule 34 (Relation)


State 106

   35 Relation: Relation NEQ Factor •
   37 Factor: Factor • PLUS Term
   38       | Factor • MINUS Term

    PLUS   shift, and go to state 75
    MINUS  shift, and go to state 76

    $default  reduce using rule 35 (Relation)


State 107

   37 Factor: Factor PLUS Term •
   40 Term: Term • MUL Unary
   41     | Term • DIV Unary
   42     | Term • MOD Unary

    MUL  shift, and go to state 77
    DIV  shift, and go to state 78
    MOD  shift, and go to state 79

    $default  reduce using rule 37 (Factor)


State 108

   38 Factor: Factor MINUS Term •
   40 Term: Term • MUL Unary
   41     | Term • DIV Unary
   42     | Term • MOD Unary

    MUL  shift, and go to state 77
    DIV  shift, and go to state 78
    MOD  shift, and go to state 79

    $default  reduce using rule 38 (Factor)


State 109

   40 Term: Term MUL Unary •

    $default  reduce using rule 40 (Term)


State 110

   41 Term: Term DIV Unary •

    $default  reduce using rule 41 (Term)


State 111

   42 Term: Term MOD Unary •

    $default  reduce using rule 42 (Term)


State 112

   81 TypeIndicator: LBRACE • RBRACE

    RBRACE  shift, and go to state 131


State 113

   80 TypeIndicator: LBRACKET • RBRACKET

    RBRACKET  shift, and go to state 132


State 114

   75 TypeIndicator: INT_TYPE •

    $default  reduce using rule 75 (TypeIndicator)


State 115

   76 TypeIndicator: REAL_TYPE •

    $default  reduce using rule 76 (TypeIndicator)


State 116

   77 TypeIndicator: BOOL_TYPE •

    $default  reduce using rule 77 (TypeIndicator)


State 117

   78 TypeIndicator: STRING_TYPE •

    $default  reduce using rule 78 (TypeIndicator)


State 118

   79 TypeIndicator: EMPTY •

    $default  reduce using rule 79 (TypeIndicator)


State 119

   82 TypeIndicator: FUNC •

    $default  reduce using rule 82 (TypeIndicator)


State 120

   44 Unary: Reference IS TypeIndicator •

    $default  reduce using rule 44 (Unary)


State 121

   18 Loop: WHILE Expression LOOP Body • END
   23 Body: Body • Statement

    IDENT   shift, and go to state 3
    VAR     shift, and go to state 4
    IF      shift, and go to state 5
    WHILE   shift, and go to state 6
    FOR     shift, and go to state 7
    RETURN  shift, and go to state 8
    PRINT   shift, and go to state 9
    END     shift, and go to state 133

    Statement     go to state 130
    Declaration   go to state 11
    Assignment    go to state 12
    If            go to state 13
    Loop          go to state 14
    Return        go to state 15
    Print         go to state 16
    FunctionCall  go to state 17
    Reference     go to state 18


State 122

   19 Loop: FOR IDENT IN Expression • RANGE Expression LOOP Body END
   26 Expression: Expression • AND Relation
   27           | Expression • OR Relation
   28           | Expression • XOR Relation

    AND    shift, and go to state 66
    OR     shift, and go to state 67
    XOR    shift, and go to state 68
    RANGE  shift, and go to state 134


State 123

   26 Expression: Expression • AND Relation
   27           | Expression • OR Relation
   28           | Expression • XOR Relation
   68 ExpressionList: ExpressionList COMMA Expression •

    AND  shift, and go to state 66
    OR   shift, and go to state 67
    XOR  shift, and go to state 68

    $default  reduce using rule 68 (ExpressionList)


State 124

   72 Reference: Reference LBRACKET INTEGER RBRACKET •

    $default  reduce using rule 72 (Reference)


State 125

   11 FunctionDeclaration: FUNC LPAREN • OptIdentifierList RPAREN FunBody

    IDENT  shift, and go to state 135

    $default  reduce using rule 85 (OptIdentifierList)

    OptIdentifierList  go to state 136


State 126

   26 Expression: Expression • AND Relation
   27           | Expression • OR Relation
   28           | Expression • XOR Relation
   62 TupleElement: IDENT ASSIGN Expression •

    AND  shift, and go to state 66
    OR   shift, and go to state 67
    XOR  shift, and go to state 68

    $default  reduce using rule 62 (TupleElement)


State 127

   65 TupleElementList: TupleElement COMMA TupleElementList •

    $default  reduce using rule 65 (TupleElementList)


State 128

   17 If: IF Expression THEN Body ELSE • Body END

    $default  reduce using rule 24 (Body)

    Body  go to state 137


State 129

   16 If: IF Expression THEN Body END •

    $default  reduce using rule 16 (If)


State 130

   23 Body: Body Statement •

    $default  reduce using rule 23 (Body)


State 131

   81 TypeIndicator: LBRACE RBRACE •

    $default  reduce using rule 81 (TypeIndicator)


State 132

   80 TypeIndicator: LBRACKET RBRACKET •

    $default  reduce using rule 80 (TypeIndicator)


State 133

   18 Loop: WHILE Expression LOOP Body END •

    $default  reduce using rule 18 (Loop)


State 134

   19 Loop: FOR IDENT IN Expression RANGE • Expression LOOP Body END

    IDENT     shift, and go to state 3
    INTEGER   shift, and go to state 22
    REAL      shift, and go to state 23
    STRING    shift, and go to state 24
    TRUE      shift, and go to state 25
    FALSE     shift, and go to state 26
    NOT       shift, and go to state 27
    PLUS      shift, and go to state 28
    MINUS     shift, and go to state 29
    LPAREN    shift, and go to state 30
    LBRACE    shift, and go to state 31
    LBRACKET  shift, and go to state 32
    EMPTY     shift, and go to state 33

    Expression    go to state 138
    Relation      go to state 35
    Factor        go to state 36
    Term          go to state 37
    Unary         go to state 38
    FunctionCall  go to state 39
    Primary       go to state 40
    Literal       go to state 41
    Tuple         go to state 42
    Array         go to state 43
    Reference     go to state 44


State 135

   83 OptIdentifierList: IDENT •

    $default  reduce using rule 83 (OptIdentifierList)


State 136

   11 FunctionDeclaration: FUNC LPAREN OptIdentifierList • RPAREN FunBody
   84 OptIdentifierList: OptIdentifierList • COMMA IDENT

    RPAREN  shift, and go to state 139
    COMMA   shift, and go to state 140


State 137

   17 If: IF Expression THEN Body ELSE Body • END
   23 Body: Body • Statement

    IDENT   shift, and go to state 3
    VAR     shift, and go to state 4
    IF      shift, and go to state 5
    WHILE   shift, and go to state 6
    FOR     shift, and go to state 7
    RETURN  shift, and go to state 8
    PRINT   shift, and go to state 9
    END     shift, and go to state 141

    Statement     go to state 130
    Declaration   go to state 11
    Assignment    go to state 12
    If            go to state 13
    Loop          go to state 14
    Return        go to state 15
    Print         go to state 16
    FunctionCall  go to state 17
    Reference     go to state 18


State 138

   19 Loop: FOR IDENT IN Expression RANGE Expression • LOOP Body END
   26 Expression: Expression • AND Relation
   27           | Expression • OR Relation
   28           | Expression • XOR Relation

    AND   shift, and go to state 66
    OR    shift, and go to state 67
    XOR   shift, and go to state 68
    LOOP  shift, and go to state 142


State 139

   11 FunctionDeclaration: FUNC LPAREN OptIdentifierList RPAREN • FunBody

    IS           shift, and go to state 143
    IMPLICATION  shift, and go to state 144

    FunBody  go to state 145


State 140

   84 OptIdentifierList: OptIdentifierList COMMA • IDENT

    IDENT  shift, and go to state 146


State 141

   17 If: IF Expression THEN Body ELSE Body END •

    $default  reduce using rule 17 (If)


State 142

   19 Loop: FOR IDENT IN Expression RANGE Expression LOOP • Body END

    $default  reduce using rule 24 (Body)

    Body  go to state 147


State 143

   86 FunBody: IS • Body END

    $default  reduce using rule 24 (Body)

    Body  go to state 148


State 144

   87 FunBody: IMPLICATION • Statement

    IDENT   shift, and go to state 3
    VAR     shift, and go to state 4
    IF      shift, and go to state 5
    WHILE   shift, and go to state 6
    FOR     shift, and go to state 7
    RETURN  shift, and go to state 8
    PRINT   shift, and go to state 9

    Statement     go to state 149
    Declaration   go to state 11
    Assignment    go to state 12
    If            go to state 13
    Loop          go to state 14
    Return        go to state 15
    Print         go to state 16
    FunctionCall  go to state 17
    Reference     go to state 18


State 145

   11 FunctionDeclaration: FUNC LPAREN OptIdentifierList RPAREN FunBody •

    $default  reduce using rule 11 (FunctionDeclaration)


State 146

   84 OptIdentifierList: OptIdentifierList COMMA IDENT •

    $default  reduce using rule 84 (OptIdentifierList)


State 147

   19 Loop: FOR IDENT IN Expression RANGE Expression LOOP Body • END
   23 Body: Body • Statement

    IDENT   shift, and go to state 3
    VAR     shift, and go to state 4
    IF      shift, and go to state 5
    WHILE   shift, and go to state 6
    FOR     shift, and go to state 7
    RETURN  shift, and go to state 8
    PRINT   shift, and go to state 9
    END     shift, and go to state 150

    Statement     go to state 130
    Declaration   go to state 11
    Assignment    go to state 12
    If            go to state 13
    Loop          go to state 14
    Return        go to state 15
    Print         go to state 16
    FunctionCall  go to state 17
    Reference     go to state 18


State 148

   23 Body: Body • Statement
   86 FunBody: IS Body • END

    IDENT   shift, and go to state 3
    VAR     shift, and go to state 4
    IF      shift, and go to state 5
    WHILE   shift, and go to state 6
    FOR     shift, and go to state 7
    RETURN  shift, and go to state 8
    PRINT   shift, and go to state 9
    END     shift, and go to state 151

    Statement     go to state 130
    Declaration   go to state 11
    Assignment    go to state 12
    If            go to state 13
    Loop          go to state 14
    Return        go to state 15
    Print         go to state 16
    FunctionCall  go to state 17
    Reference     go to state 18


State 149

   87 FunBody: IMPLICATION Statement •

    $default  reduce using rule 87 (FunBody)


State 150

   19 Loop: FOR IDENT IN Expression RANGE Expression LOOP Body END •

    $default  reduce using rule 19 (Loop)


State 151

   86 FunBody: IS Body END •

    $default  reduce using rule 86 (FunBody)
